  314069494_PROYECTO_GPO12.cpp
C:\Users\maina\Documents\SEMESTRE 2\COMPU GRAFICA\PROYECTO\Proyecto LAB\Proyecto_CG_Lab\ProyectoL\ProyectoL\314069494_PROYECTO_GPO12.cpp(204,24): warning C4244: 'inicializando': conversión de 'double' a 'GLfloat'; posible pérdida de datos
C:\Users\maina\Documents\SEMESTRE 2\COMPU GRAFICA\PROYECTO\Proyecto LAB\Proyecto_CG_Lab\ProyectoL\ProyectoL\314069494_PROYECTO_GPO12.cpp(233,21): warning C4244: '=': conversión de 'double' a 'T'; posible pérdida de datos
          with
          [
              T=float
          ]
C:\Users\maina\Documents\SEMESTRE 2\COMPU GRAFICA\PROYECTO\Proyecto LAB\Proyecto_CG_Lab\ProyectoL\ProyectoL\314069494_PROYECTO_GPO12.cpp(234,21): warning C4244: '=': conversión de 'double' a 'T'; posible pérdida de datos
          with
          [
              T=float
          ]
C:\Users\maina\Documents\SEMESTRE 2\COMPU GRAFICA\PROYECTO\Proyecto LAB\Proyecto_CG_Lab\ProyectoL\ProyectoL\314069494_PROYECTO_GPO12.cpp(235,21): warning C4244: '=': conversión de 'double' a 'T'; posible pérdida de datos
          with
          [
              T=float
          ]
C:\Users\maina\Documents\SEMESTRE 2\COMPU GRAFICA\PROYECTO\Proyecto LAB\Proyecto_CG_Lab\ProyectoL\ProyectoL\314069494_PROYECTO_GPO12.cpp(239,22): warning C4244: '=': conversión de 'double' a 'T'; posible pérdida de datos
          with
          [
              T=float
          ]
C:\Users\maina\Documents\SEMESTRE 2\COMPU GRAFICA\PROYECTO\Proyecto LAB\Proyecto_CG_Lab\ProyectoL\ProyectoL\314069494_PROYECTO_GPO12.cpp(240,22): warning C4244: '=': conversión de 'double' a 'T'; posible pérdida de datos
          with
          [
              T=float
          ]
C:\Users\maina\Documents\SEMESTRE 2\COMPU GRAFICA\PROYECTO\Proyecto LAB\Proyecto_CG_Lab\ProyectoL\ProyectoL\314069494_PROYECTO_GPO12.cpp(241,22): warning C4244: '=': conversión de 'double' a 'T'; posible pérdida de datos
          with
          [
              T=float
          ]
C:\Users\maina\Documents\SEMESTRE 2\COMPU GRAFICA\PROYECTO\Proyecto LAB\Proyecto_CG_Lab\ProyectoL\ProyectoL\314069494_PROYECTO_GPO12.cpp(245,22): warning C4244: '=': conversión de 'double' a 'T'; posible pérdida de datos
          with
          [
              T=float
          ]
C:\Users\maina\Documents\SEMESTRE 2\COMPU GRAFICA\PROYECTO\Proyecto LAB\Proyecto_CG_Lab\ProyectoL\ProyectoL\314069494_PROYECTO_GPO12.cpp(246,22): warning C4244: '=': conversión de 'double' a 'T'; posible pérdida de datos
          with
          [
              T=float
          ]
C:\Users\maina\Documents\SEMESTRE 2\COMPU GRAFICA\PROYECTO\Proyecto LAB\Proyecto_CG_Lab\ProyectoL\ProyectoL\314069494_PROYECTO_GPO12.cpp(247,22): warning C4244: '=': conversión de 'double' a 'T'; posible pérdida de datos
          with
          [
              T=float
          ]
C:\Users\maina\Documents\SEMESTRE 2\COMPU GRAFICA\PROYECTO\Proyecto LAB\Proyecto_CG_Lab\ProyectoL\ProyectoL\314069494_PROYECTO_GPO12.cpp(251,22): warning C4244: '=': conversión de 'double' a 'T'; posible pérdida de datos
          with
          [
              T=float
          ]
C:\Users\maina\Documents\SEMESTRE 2\COMPU GRAFICA\PROYECTO\Proyecto LAB\Proyecto_CG_Lab\ProyectoL\ProyectoL\314069494_PROYECTO_GPO12.cpp(252,22): warning C4244: '=': conversión de 'double' a 'T'; posible pérdida de datos
          with
          [
              T=float
          ]
C:\Users\maina\Documents\SEMESTRE 2\COMPU GRAFICA\PROYECTO\Proyecto LAB\Proyecto_CG_Lab\ProyectoL\ProyectoL\314069494_PROYECTO_GPO12.cpp(253,22): warning C4244: '=': conversión de 'double' a 'T'; posible pérdida de datos
          with
          [
              T=float
          ]
C:\Users\maina\Documents\SEMESTRE 2\COMPU GRAFICA\PROYECTO\Proyecto LAB\Proyecto_CG_Lab\ProyectoL\ProyectoL\314069494_PROYECTO_GPO12.cpp(674,17): warning C4305: '+=': truncamiento de 'double' a 'float'
C:\Users\maina\Documents\SEMESTRE 2\COMPU GRAFICA\PROYECTO\Proyecto LAB\Proyecto_CG_Lab\ProyectoL\ProyectoL\314069494_PROYECTO_GPO12.cpp(680,17): warning C4305: '-=': truncamiento de 'double' a 'float'
C:\Users\maina\Documents\SEMESTRE 2\COMPU GRAFICA\PROYECTO\Proyecto LAB\Proyecto_CG_Lab\ProyectoL\ProyectoL\314069494_PROYECTO_GPO12.cpp(686,27): warning C4305: '+=': truncamiento de 'double' a 'float'
C:\Users\maina\Documents\SEMESTRE 2\COMPU GRAFICA\PROYECTO\Proyecto LAB\Proyecto_CG_Lab\ProyectoL\ProyectoL\314069494_PROYECTO_GPO12.cpp(692,21): warning C4305: '-=': truncamiento de 'double' a 'float'
C:\Users\maina\Documents\SEMESTRE 2\COMPU GRAFICA\PROYECTO\Proyecto LAB\Proyecto_CG_Lab\ProyectoL\ProyectoL\314069494_PROYECTO_GPO12.cpp(891,11): warning C4244: '=': conversión de 'double' a 'GLfloat'; posible pérdida de datos
C:\Users\maina\Documents\SEMESTRE 2\COMPU GRAFICA\PROYECTO\Proyecto LAB\Proyecto_CG_Lab\ProyectoL\ProyectoL\314069494_PROYECTO_GPO12.cpp(892,11): warning C4244: '=': conversión de 'double' a 'GLfloat'; posible pérdida de datos
C:\Users\maina\Documents\SEMESTRE 2\COMPU GRAFICA\PROYECTO\Proyecto LAB\Proyecto_CG_Lab\ProyectoL\ProyectoL\314069494_PROYECTO_GPO12.cpp(896,18): warning C4244: 'inicializando': conversión de 'double' a 'GLfloat'; posible pérdida de datos
C:\Users\maina\Documents\SEMESTRE 2\COMPU GRAFICA\PROYECTO\Proyecto LAB\Proyecto_CG_Lab\ProyectoL\ProyectoL\314069494_PROYECTO_GPO12.cpp(897,18): warning C4244: 'inicializando': conversión de 'double' a 'GLfloat'; posible pérdida de datos
C:\Users\maina\Documents\SEMESTRE 2\COMPU GRAFICA\PROYECTO\Proyecto LAB\Proyecto_CG_Lab\ProyectoL\ProyectoL\314069494_PROYECTO_GPO12.cpp(899,10): warning C4244: '=': conversión de 'double' a 'GLfloat'; posible pérdida de datos
C:\Users\maina\Documents\SEMESTRE 2\COMPU GRAFICA\PROYECTO\Proyecto LAB\Proyecto_CG_Lab\ProyectoL\ProyectoL\314069494_PROYECTO_GPO12.cpp(900,10): warning C4244: '=': conversión de 'double' a 'GLfloat'; posible pérdida de datos
  ProyectoL.vcxproj -> C:\Users\maina\Documents\SEMESTRE 2\COMPU GRAFICA\PROYECTO\Proyecto LAB\Proyecto_CG_Lab\ProyectoL\Debug\ProyectoL.exe
